2023-02-23 23:06:31 INFO  Log:10 - =====================================-----------MyAccount_OrdersElements    Starts--------- TEST START=========================================
2023-02-23 23:06:41 INFO  Log:22 - ChromeBrowser Launch is successfully Completed
2023-02-23 23:06:41 INFO  Log:22 - Profile Icon is present
2023-02-23 23:06:41 INFO  Log:22 - Welcome Message is present
2023-02-23 23:06:42 INFO  Log:22 - 'To access account and manage' orders Message is present
2023-02-23 23:06:42 INFO  Log:22 - Login/Signup button are present
2023-02-23 23:06:42 INFO  Log:22 - Successfully Clicked on Login/Signup button
2023-02-23 23:06:42 INFO  Log:22 - Sucessfully land on Login Page
2023-02-23 23:06:42 INFO  Log:22 - Sucessfully Enter the User name 
2023-02-23 23:06:42 INFO  Log:22 - Sucessfully Enter the Password
2023-02-23 23:06:52 INFO  Log:22 - Successfully Clicked on Login/Signup button
2023-02-23 23:06:54 INFO  Log:22 - Successfully land on Home Page
2023-02-23 23:06:54 INFO  Log:22 - Clicked on the profile Icon
2023-02-23 23:06:55 INFO  Log:22 - Successfully land on the My Account Page
2023-02-23 23:06:55 INFO  Log:22 - Orders text is successfully Verified
2023-02-23 23:06:57 INFO  Log:22 - OrderDetails are successfully verified
2023-02-23 23:06:57 INFO  Log:22 - All 4 Ordered On, Total Price, OrderId & Status text are present
2023-02-23 23:06:57 INFO  Log:22 - All 4 Ordered On, Total Price, OrderId & Status text are present
2023-02-23 23:06:57 INFO  Log:22 - All 4 Ordered On, Total Price, OrderId & Status text are present
2023-02-23 23:06:57 INFO  Log:22 - OrdersImageSections are successfully verified
2023-02-23 23:06:57 INFO  Log:22 - OrderedOn are successfully verified
2023-02-23 23:06:57 INFO  Log:22 - Total Price are successfully verified
2023-02-23 23:06:57 INFO  Log:22 - OrderId are successfully verified
2023-02-23 23:06:57 INFO  Log:22 - Order Status are successfully verified
2023-02-23 23:06:57 INFO  Log:22 - No. of status of Transit and cancelled are correct
2023-02-23 23:06:57 INFO  Log:22 - Order is cancelled & Refunded status are same
2023-02-23 23:06:57 INFO  Log:22 - Order in transit & Payment Paid status are same
2023-02-23 23:06:57 INFO  Log:22 - Download icon are present as order no. in orders section
2023-02-23 23:06:57 INFO  Log:22 - Orders name  are present as order no. in orders section
2023-02-23 23:06:57 INFO  Log:22 - Orders Quantity  are present as order no. in orders section
2023-02-23 23:06:57 INFO  Log:22 - Orders Price  are present as order no. in orders section
2023-02-23 23:06:58 INFO  Log:22 - Orders Status  are present as order no. in orders section
2023-02-23 23:06:58 INFO  Log:15 - =====================================-----------MyAccount_OrdersElements    Ends--------- TEST END=========================================
